NEEDLE worker boot: creating tokio runtime...
NEEDLE worker boot: tokio runtime created
NEEDLE worker boot: initializing tracing subscriber...
NEEDLE worker boot: tracing subscriber initialized
NEEDLE worker boot: creating telemetry...
NEEDLE worker boot: telemetry created
NEEDLE worker boot: emitting worker.booting event (sync)...
NEEDLE worker boot: worker.booting written to disk
NEEDLE worker boot: starting telemetry writer thread...
NEEDLE telemetry: starting writer thread and waiting for ready signal...
NEEDLE telemetry: waiting for writer thread ready signal (timeout 5s)...
NEEDLE telemetry writer thread: started successfully
NEEDLE telemetry writer thread: signaling ready to main thread...
NEEDLE telemetry writer thread: ready, waiting for events...
NEEDLE telemetry: writer thread ready signal received
NEEDLE telemetry: start_and_wait complete
NEEDLE worker boot: writer thread started
NEEDLE worker boot: starting init step 'bead_store_discover'...
2026-07-09T10:02:25.506888Z DEBUG needle::telemetry: telemetry event event_type=init.step.started seq=1
NEEDLE telemetry writer thread: first event written: init.step.started
2026-07-09T10:02:25.506917Z DEBUG needle::telemetry: telemetry event event_type=init.step.completed seq=2
NEEDLE worker boot: init step 'bead_store_discover' completed in 0ms
NEEDLE worker boot: starting init step 'worker_construction'...
2026-07-09T10:02:25.557026Z DEBUG needle::telemetry: telemetry event event_type=init.step.started seq=3
2026-07-09T10:02:25.557098Z  WARN needle::learning: failed to parse learning entry: Invalid learning entry: too few lines, skipping
2026-07-09T10:02:25.560398Z DEBUG needle::sanitize: skipping invalid allowlist regex rule="global-allowlist" error=regex parse error:
    ^\$(?:\d+|{\d+})$
              ^
error: repetition operator missing expression pattern=^\$(?:\d+|{\d+})$
2026-07-09T10:02:25.560474Z DEBUG needle::sanitize: skipping invalid allowlist regex rule="global-allowlist" error=regex parse error:
    ^\${(?:[A-Z_]+|[a-z_]+)}$
        ^
error: repetition quantifier expects a valid decimal pattern=^\${(?:[A-Z_]+|[a-z_]+)}$
2026-07-09T10:02:25.943561Z DEBUG needle::sanitize: skipping invalid allowlist regex rule_id=curl-auth-user error=regex parse error:
    ['"]?\$?{{[^}]+}}['"]?:['"]?\$?{{[^}]+}}['"]?
             ^
error: repetition quantifier expects a valid decimal pattern=['"]?\$?{{[^}]+}}['"]?:['"]?\$?{{[^}]+}}['"]?
2026-07-09T10:02:26.279574Z DEBUG needle::sanitize: gitleaks rule regex compile error rule_id=generic-api-key error=Compiled regex exceeds size limit of 10485760 bytes. pattern=(?i)[\w.-]{0,50}?(?:access|auth|(?-i:[Aa]pi|API)|credential|creds|key|passw(?:or)?d|secret|token)(?:[ \t\w.-]{0,20})[\s'"]{0,3}(?:=|>|:{1,3}=|\|\||:|=>|\?=|,)[\x60'"\s=]{0,5}([\w.=-]{10,150}|[a-z0-9][a-z0-9+/]{11,}={0,3})(?:[\x60'"\s;]|\\[nr]|$)
2026-07-09T10:02:26.279594Z DEBUG needle::sanitize: skipping gitleaks rule: regex failed to compile rule_id=generic-api-key
