=== Pluck Output Redirection Summary ===
Generated: Thu Jul  9 04:48:48 AM EDT 2026
Bead ID: bf-22ff
Timestamp: 20260709-044848

=== Configuration ===
Log Directory: /home/coding/ARMOR/logs/pluck-debug
RUST_LOG Preset: standard
RUST_LOG Value: needle::strand::pluck=debug

=== Log Files ===
Stdout: /home/coding/ARMOR/logs/pluck-debug/pluck-stdout-bf-22ff-20260709-044848.log
Stderr: /home/coding/ARMOR/logs/pluck-debug/pluck-stderr-bf-22ff-20260709-044848.log
Combined: /home/coding/ARMOR/logs/pluck-debug/pluck-combined-bf-22ff-20260709-044848.log
Summary: /home/coding/ARMOR/logs/pluck-debug/pluck-summary-bf-22ff-20260709-044848.log

=== File Status ===
pluck-stdout-bf-22ff-20260709-044848.log: 95 bytes, 3 lines
pluck-stderr-bf-22ff-20260709-044848.log: 80 bytes, 2 lines

=== Validation Results ===
✓ Log directory created and verified
✓ Output redirection syntax validated
✓ Sample command successfully wrote to log file
