=== Comprehensive Execution Summary ===
Bead ID: bf-y4qr
Timestamp: 20260709-032604
Log directory: /home/coding/ARMOR/logs/pluck-debug

📊 File Statistics:
  Stdout: /home/coding/ARMOR/logs/pluck-debug/pluck-debug-bf-y4qr-stdout-20260709-032604.log
    Size: 0 bytes
    Lines: 0
  Stderr: /home/coding/ARMOR/logs/pluck-debug/pluck-debug-bf-y4qr-stderr-20260709-032604.log
    Size: 9195 bytes
    Lines: 74
  Monitor: /home/coding/ARMOR/logs/pluck-debug/pluck-debug-bf-y4qr-monitor-20260709-032604.log
    Checks: 375

🚨 Error Analysis:
  Errors: 9
  Warnings: 1
  Fatal: 0
0
  Panic: 0
0

  Sample errors:
    - 2026-07-09T07:26:04.873161Z DEBUG needle::sanitize: skipping invalid allowlist regex rule="global-allowlist" error=regex parse error:
    - error: repetition operator missing expression pattern=^\$(?:\d+|{\d+})$
    - 2026-07-09T07:26:04.873216Z DEBUG needle::sanitize: skipping invalid allowlist regex rule="global-allowlist" error=regex parse error:
    - error: repetition quantifier expects a valid decimal pattern=^\${(?:[A-Z_]+|[a-z_]+)}$
    - 2026-07-09T07:26:05.246365Z DEBUG needle::sanitize: skipping invalid allowlist regex rule_id=curl-auth-user error=regex parse error:

🔄 Progress Indicators Found:
  No stdout output available

📈 Critical Status:

=== Monitoring Complete ===

📋 Summary Report Generated: /home/coding/ARMOR/logs/pluck-debug/pluck-debug-bf-y4qr-summary-20260709-032604.log
📋 Progress Tracking: /home/coding/ARMOR/logs/pluck-debug/pluck-debug-bf-y4qr-progress-20260709-032604.txt
📋 Monitor Log: /home/coding/ARMOR/logs/pluck-debug/pluck-debug-bf-y4qr-monitor-20260709-032604.log
