=== Execution Summary ===
Bead ID: bf-2ux9
Timestamp: 20260709-060910
Log directory: /home/coding/ARMOR/logs/pluck-debug

📊 File Statistics:
  Stdout: /home/coding/ARMOR/logs/pluck-debug/pluck-debug-bf-2ux9-capture-20260709-060910.log
    Size: 0 bytes
    Lines: 0
  Stderr: /home/coding/ARMOR/logs/pluck-debug/pluck-debug-bf-2ux9-stderr-20260709-060910.log
    Size: 9100 bytes
    Lines: 73
  Combined: /home/coding/ARMOR/logs/pluck-debug/pluck-combined-bf-2ux9-20260709-060910.log
    Size: 9199 bytes
    Lines: 80

🚨 Error Analysis:
  Errors: 9
  Warnings: 1

🔄 Progress Indicators Found:
  Worker booted successfully with all strands loaded
  Bead bf-2ux9 claimed successfully via claim_auto
  Agent dispatched to GLM-4.7 model
  State transitions: BOOTING → SELECTING → BUILDING → DISPATCHING → EXECUTING

=== Execution Complete ===
