=== Pluck Output Redirection Summary ===
Generated: Thu Jul  9 05:13:57 AM EDT 2026
Bead ID: bf-2wb4
Timestamp: 20260709-051357

=== Configuration ===
Log Directory: /home/coding/ARMOR/logs/pluck-debug
RUST_LOG Preset: comprehensive
RUST_LOG Value: needle::strand::pluck=trace,needle::strand=debug,needle::bead_store=debug,needle::worker=debug

=== Log Files ===
Stdout: /home/coding/ARMOR/logs/pluck-debug/pluck-stdout-manual-20260709-051357.log
Stderr: /home/coding/ARMOR/logs/pluck-debug/pluck-stderr-manual-20260709-051357.log
Combined: /home/coding/ARMOR/logs/pluck-debug/pluck-combined-manual-20260709-051357.log
Summary: /home/coding/ARMOR/logs/pluck-debug/pluck-summary-manual-20260709-051357.log

=== File Status ===
pluck-stdout-manual-20260709-051357.log: 95 bytes, 3 lines
pluck-stderr-manual-20260709-051357.log: 80 bytes, 2 lines

=== Validation Results ===
✓ Log directory created and verified
✓ Output redirection syntax validated
✓ Sample command successfully wrote to log file
