=== Execution Summary ===
Bead ID: bf-2ux9
Timestamp: 20260709-053928
Log directory: /home/coding/ARMOR/logs/pluck-debug

📊 File Statistics:
  Stdout: /home/coding/ARMOR/logs/pluck-debug/pluck-debug-bf-2ux9-capture-20260709-053928.log
    Size: 0 bytes
    Lines: 0
  Stderr: /home/coding/ARMOR/logs/pluck-debug/pluck-debug-bf-2ux9-stderr-20260709-053928.log
    Size: 18200 bytes
    Lines: 146
  Combined: /home/coding/ARMOR/logs/pluck-debug/pluck-combined-bf-2ux9-20260709-053928.log
    Size: 18299 bytes
    Lines: 153

🚨 Error Analysis:
  Errors: 18
  Warnings: 2

🔄 Progress Indicators Found:
  No stdout output available

=== Execution Complete ===
