NEEDLE worker boot: creating tokio runtime...
NEEDLE worker boot: tokio runtime created
NEEDLE worker boot: initializing tracing subscriber...
NEEDLE worker boot: tracing subscriber initialized
NEEDLE worker boot: creating telemetry...
NEEDLE worker boot: telemetry created
NEEDLE worker boot: emitting worker.booting event (sync)...
NEEDLE worker boot: worker.booting written to disk
NEEDLE worker boot: starting telemetry writer thread...
NEEDLE telemetry: starting writer thread and waiting for ready signal...
NEEDLE telemetry: waiting for writer thread ready signal (timeout 5s)...
NEEDLE telemetry writer thread: started successfully
NEEDLE telemetry writer thread: signaling ready to main thread...
NEEDLE telemetry writer thread: ready, waiting for events...
NEEDLE telemetry: writer thread ready signal received
NEEDLE telemetry: start_and_wait complete
NEEDLE worker boot: writer thread started
NEEDLE worker boot: starting init step 'bead_store_discover'...
2026-07-09T10:45:27.295317Z DEBUG needle::telemetry: telemetry event event_type=init.step.started seq=1
NEEDLE telemetry writer thread: first event written: init.step.started
2026-07-09T10:45:27.295341Z DEBUG needle::telemetry: telemetry event event_type=init.step.completed seq=2
NEEDLE worker boot: init step 'bead_store_discover' completed in 0ms
