=== Pluck Output Redirection Summary ===
Generated: Thu Jul  9 04:47:23 AM EDT 2026
Bead ID: integration-test
Timestamp: 20260709-044723

=== Configuration ===
Log Directory: /home/coding/ARMOR/logs/pluck-debug
RUST_LOG Preset: minimal
RUST_LOG Value: needle::strand::pluck=info

=== Log Files ===
Stdout: /home/coding/ARMOR/logs/pluck-debug/pluck-stdout-manual-20260709-044723.log
Stderr: /home/coding/ARMOR/logs/pluck-debug/pluck-stderr-manual-20260709-044723.log
Combined: /home/coding/ARMOR/logs/pluck-debug/pluck-combined-manual-20260709-044723.log
Summary: /home/coding/ARMOR/logs/pluck-debug/pluck-summary-manual-20260709-044723.log

=== File Status ===
pluck-stdout-manual-20260709-044723.log: 95 bytes, 3 lines
pluck-stderr-manual-20260709-044723.log: 80 bytes, 2 lines

=== Validation Results ===
✓ Log directory created and verified
✓ Output redirection syntax validated
✓ Sample command successfully wrote to log file
