=== Execution Summary ===
Bead ID: bf-2ux9
Timestamp: 20260709-053048
Log directory: /home/coding/ARMOR/logs/pluck-debug

📊 File Statistics:
  Stdout: /home/coding/ARMOR/logs/pluck-debug/pluck-debug-bf-2ux9-capture-20260709-053048.log
    Size: 0 bytes
    Lines: 0
  Stderr: /home/coding/ARMOR/logs/pluck-debug/pluck-debug-bf-2ux9-stderr-20260709-053048.log
    Size: 9195 bytes
    Lines: 74
  Combined: /home/coding/ARMOR/logs/pluck-debug/pluck-combined-bf-2ux9-20260709-053048.log
    Size: 9294 bytes
    Lines: 81

🚨 Error Analysis:
  Errors: 9
  Warnings: 1

🔄 Progress Indicators Found:
  No stdout output available

=== Execution Complete ===
