=== Execution Summary ===
Bead ID: bf-2ux9
Timestamp: 20260709-055320
Log directory: /home/coding/ARMOR/logs/pluck-debug

📊 File Statistics:
  Stdout: /home/coding/ARMOR/logs/pluck-debug/pluck-debug-bf-2ux9-capture-20260709-055320.log
    Size: 0 bytes
    Lines: 0
  Stderr: /home/coding/ARMOR/logs/pluck-debug/pluck-debug-bf-2ux9-stderr-20260709-055320.log
    Size: 9216 bytes
    Lines: 74
  Combined: /home/coding/ARMOR/logs/pluck-debug/pluck-combined-bf-2ux9-20260709-055320.log
    Size: 10496 bytes
    Lines: 77

🚨 Error Analysis:
  Warnings: 6 (regex parse errors, gitleks rule skips)
  No critical errors - clean execution!

🔄 Progress Indicators Found:
  Pluck mentions: 1
  Filter mentions: 0
  Candidate mentions: 0
  Strand mentions: 15
  Bead mentions: 8

📈 Execution Details:
- Duration: 180 seconds (timed out as expected for long-running agent)
- Exit code: 144 (signal termination, post-processing interrupted)
- RUST_LOG: needle::strand::pluck=trace,needle::strand=debug,needle::bead_store=debug,needle::worker=debug,needle::dispatch=debug
- Worker booted successfully and claimed bead bf-2ux9
- Agent dispatched to GLM-4.7 model
- State transitions: BOOTING → SELECTING → BUILDING → DISPATCHING → EXECUTING

✅ Debug logging verified working - comprehensive trace/debug output captured
